[debug] [2025-12-26T09:20:29.336Z] ----------------------------------------------------------------------
[debug] [2025-12-26T09:20:29.339Z] Command:       C:\Program Files\nodejs\node.exe C:\Users\Asus VivoBook\AppData\Roaming\npm\node_modules\firebase-tools\lib\bin\firebase.js init
[debug] [2025-12-26T09:20:29.339Z] CLI Version:   15.1.0
[debug] [2025-12-26T09:20:29.340Z] Platform:      win32
[debug] [2025-12-26T09:20:29.340Z] Node Version:  v24.10.0
[debug] [2025-12-26T09:20:29.340Z] Time:          Fri Dec 26 2025 10:20:29 GMT+0100 (heure normale d’Afrique de l’Ouest)
[debug] [2025-12-26T09:20:29.340Z] ----------------------------------------------------------------------
[debug] 
[info] 
     ######## #### ########  ######## ########     ###     ######  ########
     ##        ##  ##     ## ##       ##     ##  ##   ##  ##       ##
     ######    ##  ########  ######   ########  #########  ######  ######
     ##        ##  ##    ##  ##       ##     ## ##     ##       ## ##
     ##       #### ##     ## ######## ########  ##     ##  ######  ########

You're about to initialize a Firebase project in this directory:

  C:\Users\Asus VivoBook\Desktop\DSI3.3\WeatherApp

[debug] [2025-12-26T09:21:04.664Z] ExitPromptError: User force closed the prompt with SIGINT
    at Interface.sigint (C:\Users\Asus VivoBook\AppData\Roaming\npm\node_modules\firebase-tools\node_modules\@inquirer\core\dist\commonjs\lib\create-prompt.js:101:37)
    at Interface.emit (node:events:508:28)
    at [_ttyWrite] [as _ttyWrite] (node:internal/readline/interface:1317:18)
    at ReadStream.onkeypress (node:internal/readline/interface:284:20)
    at ReadStream.emit (node:events:520:35)
    at emitKeys (node:internal/readline/utils:371:14)
    at emitKeys.next (<anonymous>)
    at ReadStream.onData (node:internal/readline/emitKeypressEvents:64:36)
    at ReadStream.emit (node:events:508:28)
    at addChunk (node:internal/streams/readable:559:12)
[error] 
[error] Error: An unexpected error has occurred.
